2023-10-21 19:19:33,971 [main] INFO  movie.MovieRestApplication - Starting MovieRestApplication using Java 20.0.1 on Abhinavs-MacBook-Air.local with PID 9626 (/Users/abhinavkumar/Downloads/movie-rest/target/classes started by abhinavkumar in /Users/abhinavkumar/Downloads/movie-rest)
2023-10-21 19:19:33,973 [main] INFO  movie.MovieRestApplication - No active profile set, falling back to 1 default profile: "default"
2023-10-21 19:19:34,267 [main] INFO  o.s.d.r.c.RepositoryConfigurationDelegate - Bootstrapping Spring Data JPA repositories in DEFAULT mode.
2023-10-21 19:19:34,293 [main] INFO  o.s.d.r.c.RepositoryConfigurationDelegate - Finished Spring Data repository scanning in 21 ms. Found 2 JPA repository interfaces.
2023-10-21 19:19:34,569 [main] INFO  o.s.b.w.e.tomcat.TomcatWebServer - Tomcat initialized with port(s): 9091 (http)
2023-10-21 19:19:34,573 [main] INFO  o.a.coyote.http11.Http11NioProtocol - Initializing ProtocolHandler ["http-nio-9091"]
2023-10-21 19:19:34,575 [main] INFO  o.a.catalina.core.StandardService - Starting service [Tomcat]
2023-10-21 19:19:34,575 [main] INFO  o.a.catalina.core.StandardEngine - Starting Servlet engine: [Apache Tomcat/9.0.82]
2023-10-21 19:19:34,635 [main] INFO  o.a.c.c.C.[Tomcat].[localhost].[/] - Initializing Spring embedded WebApplicationContext
2023-10-21 19:19:34,635 [main] INFO  o.s.b.w.s.c.ServletWebServerApplicationContext - Root WebApplicationContext: initialization completed in 637 ms
2023-10-21 19:19:34,721 [main] INFO  o.h.jpa.internal.util.LogHelper - HHH000204: Processing PersistenceUnitInfo [name: default]
2023-10-21 19:19:34,745 [main] INFO  org.hibernate.Version - HHH000412: Hibernate ORM core version 5.6.15.Final
2023-10-21 19:19:34,810 [main] INFO  o.h.annotations.common.Version - HCANN000001: Hibernate Commons Annotations {5.1.2.Final}
2023-10-21 19:19:34,851 [main] INFO  com.zaxxer.hikari.HikariDataSource - HikariPool-1 - Starting...
2023-10-21 19:19:35,076 [main] INFO  com.zaxxer.hikari.HikariDataSource - HikariPool-1 - Start completed.
2023-10-21 19:19:35,083 [main] INFO  org.hibernate.dialect.Dialect - HHH000400: Using dialect: org.hibernate.dialect.MySQL5Dialect
2023-10-21 19:19:35,369 [main] INFO  o.h.e.t.j.p.i.JtaPlatformInitiator - HHH000490: Using JtaPlatform implementation: [org.hibernate.engine.transaction.jta.platform.internal.NoJtaPlatform]
2023-10-21 19:19:35,374 [main] INFO  o.s.o.j.LocalContainerEntityManagerFactoryBean - Initialized JPA EntityManagerFactory for persistence unit 'default'
2023-10-21 19:19:35,509 [main] WARN  o.s.b.a.o.j.JpaBaseConfiguration$JpaWebConfiguration - spring.jpa.open-in-view is enabled by default. Therefore, database queries may be performed during view rendering. Explicitly configure spring.jpa.open-in-view to disable this warning
2023-10-21 19:19:35,572 [main] INFO  o.s.s.w.DefaultSecurityFilterChain - Will secure any request with [org.springframework.security.web.session.DisableEncodeUrlFilter@7bd1098, org.springframework.security.web.context.request.async.WebAsyncManagerIntegrationFilter@185bf6e0, org.springframework.security.web.context.SecurityContextPersistenceFilter@2114eb1a, org.springframework.security.web.header.HeaderWriterFilter@353422fd, org.springframework.web.filter.CorsFilter@6a562255, org.springframework.security.web.authentication.logout.LogoutFilter@6d0a4a22, movie.jwt.JwtFilter@8d7718e, org.springframework.security.web.savedrequest.RequestCacheAwareFilter@1e5e3147, org.springframework.security.web.servletapi.SecurityContextHolderAwareRequestFilter@25b83dce, org.springframework.security.web.authentication.AnonymousAuthenticationFilter@374ba492, org.springframework.security.web.session.SessionManagementFilter@6cd6698b, org.springframework.security.web.access.ExceptionTranslationFilter@25e8a111, org.springframework.security.web.access.intercept.FilterSecurityInterceptor@259c6ab8]
2023-10-21 19:19:35,710 [main] INFO  o.a.coyote.http11.Http11NioProtocol - Starting ProtocolHandler ["http-nio-9091"]
2023-10-21 19:19:35,718 [main] INFO  o.s.b.w.e.tomcat.TomcatWebServer - Tomcat started on port(s): 9091 (http) with context path ''
2023-10-21 19:19:35,723 [main] INFO  movie.MovieRestApplication - Started MovieRestApplication in 1.986 seconds (JVM running for 2.214)
2023-10-21 19:20:08,952 [SpringApplicationShutdownHook] INFO  o.s.o.j.LocalContainerEntityManagerFactoryBean - Closing JPA EntityManagerFactory for persistence unit 'default'
2023-10-21 19:20:08,954 [SpringApplicationShutdownHook] INFO  com.zaxxer.hikari.HikariDataSource - HikariPool-1 - Shutdown initiated...
2023-10-21 19:20:08,959 [SpringApplicationShutdownHook] INFO  com.zaxxer.hikari.HikariDataSource - HikariPool-1 - Shutdown completed.
2023-10-21 19:20:11,252 [main] INFO  movie.MovieRestApplication - Starting MovieRestApplication using Java 20.0.1 on Abhinavs-MacBook-Air.local with PID 9641 (/Users/abhinavkumar/Downloads/movie-rest/target/classes started by abhinavkumar in /Users/abhinavkumar/Downloads/movie-rest)
2023-10-21 19:20:11,254 [main] INFO  movie.MovieRestApplication - No active profile set, falling back to 1 default profile: "default"
2023-10-21 19:20:11,550 [main] INFO  o.s.d.r.c.RepositoryConfigurationDelegate - Bootstrapping Spring Data JPA repositories in DEFAULT mode.
2023-10-21 19:20:11,576 [main] INFO  o.s.d.r.c.RepositoryConfigurationDelegate - Finished Spring Data repository scanning in 20 ms. Found 2 JPA repository interfaces.
2023-10-21 19:20:11,828 [main] INFO  o.s.b.w.e.tomcat.TomcatWebServer - Tomcat initialized with port(s): 9091 (http)
2023-10-21 19:20:11,831 [main] INFO  o.a.coyote.http11.Http11NioProtocol - Initializing ProtocolHandler ["http-nio-9091"]
2023-10-21 19:20:11,832 [main] INFO  o.a.catalina.core.StandardService - Starting service [Tomcat]
2023-10-21 19:20:11,832 [main] INFO  o.a.catalina.core.StandardEngine - Starting Servlet engine: [Apache Tomcat/9.0.82]
2023-10-21 19:20:11,883 [main] INFO  o.a.c.c.C.[Tomcat].[localhost].[/] - Initializing Spring embedded WebApplicationContext
2023-10-21 19:20:11,883 [main] INFO  o.s.b.w.s.c.ServletWebServerApplicationContext - Root WebApplicationContext: initialization completed in 603 ms
2023-10-21 19:20:11,964 [main] INFO  o.h.jpa.internal.util.LogHelper - HHH000204: Processing PersistenceUnitInfo [name: default]
2023-10-21 19:20:11,983 [main] INFO  org.hibernate.Version - HHH000412: Hibernate ORM core version 5.6.15.Final
2023-10-21 19:20:12,047 [main] INFO  o.h.annotations.common.Version - HCANN000001: Hibernate Commons Annotations {5.1.2.Final}
2023-10-21 19:20:12,079 [main] INFO  com.zaxxer.hikari.HikariDataSource - HikariPool-1 - Starting...
2023-10-21 19:20:12,238 [main] INFO  com.zaxxer.hikari.HikariDataSource - HikariPool-1 - Start completed.
2023-10-21 19:20:12,246 [main] INFO  org.hibernate.dialect.Dialect - HHH000400: Using dialect: org.hibernate.dialect.MySQL5Dialect
2023-10-21 19:20:12,494 [main] INFO  o.h.e.t.j.p.i.JtaPlatformInitiator - HHH000490: Using JtaPlatform implementation: [org.hibernate.engine.transaction.jta.platform.internal.NoJtaPlatform]
2023-10-21 19:20:12,498 [main] INFO  o.s.o.j.LocalContainerEntityManagerFactoryBean - Initialized JPA EntityManagerFactory for persistence unit 'default'
2023-10-21 19:20:12,635 [main] WARN  o.s.b.a.o.j.JpaBaseConfiguration$JpaWebConfiguration - spring.jpa.open-in-view is enabled by default. Therefore, database queries may be performed during view rendering. Explicitly configure spring.jpa.open-in-view to disable this warning
2023-10-21 19:20:12,687 [main] INFO  o.s.s.w.DefaultSecurityFilterChain - Will secure any request with [org.springframework.security.web.session.DisableEncodeUrlFilter@7ef7f414, org.springframework.security.web.context.request.async.WebAsyncManagerIntegrationFilter@182dcd2b, org.springframework.security.web.context.SecurityContextPersistenceFilter@351be56b, org.springframework.security.web.header.HeaderWriterFilter@364c93e6, org.springframework.web.filter.CorsFilter@4c3d72fd, org.springframework.security.web.authentication.logout.LogoutFilter@7f5ecada, movie.jwt.JwtFilter@3d405fe5, org.springframework.security.web.savedrequest.RequestCacheAwareFilter@21780905, org.springframework.security.web.servletapi.SecurityContextHolderAwareRequestFilter@799cf32d, org.springframework.security.web.authentication.AnonymousAuthenticationFilter@259c6ab8, org.springframework.security.web.session.SessionManagementFilter@353422fd, org.springframework.security.web.access.ExceptionTranslationFilter@79bf39e5, org.springframework.security.web.access.intercept.FilterSecurityInterceptor@27d6467]
2023-10-21 19:20:12,825 [main] INFO  o.a.coyote.http11.Http11NioProtocol - Starting ProtocolHandler ["http-nio-9091"]
2023-10-21 19:20:12,833 [main] INFO  o.s.b.w.e.tomcat.TomcatWebServer - Tomcat started on port(s): 9091 (http) with context path ''
2023-10-21 19:20:12,838 [main] INFO  movie.MovieRestApplication - Started MovieRestApplication in 1.799 seconds (JVM running for 2.001)
2023-10-21 19:20:32,942 [http-nio-9091-exec-1] INFO  o.a.c.c.C.[Tomcat].[localhost].[/] - Initializing Spring DispatcherServlet 'dispatcherServlet'
2023-10-21 19:20:32,942 [http-nio-9091-exec-1] INFO  o.s.web.servlet.DispatcherServlet - Initializing Servlet 'dispatcherServlet'
2023-10-21 19:20:32,944 [http-nio-9091-exec-1] INFO  o.s.web.servlet.DispatcherServlet - Completed initialization in 2 ms
2023-10-21 19:20:41,222 [SpringApplicationShutdownHook] INFO  o.s.o.j.LocalContainerEntityManagerFactoryBean - Closing JPA EntityManagerFactory for persistence unit 'default'
2023-10-21 19:20:41,224 [SpringApplicationShutdownHook] INFO  com.zaxxer.hikari.HikariDataSource - HikariPool-1 - Shutdown initiated...
2023-10-21 19:20:41,228 [SpringApplicationShutdownHook] INFO  com.zaxxer.hikari.HikariDataSource - HikariPool-1 - Shutdown completed.
